<?xml version="1.0" encoding="UTF-8"?>
<!-- Generated by org.testng.reporters.JUnitReportReporter -->
<testsuite name="com.qa.automation.ndtv.weatherreporting.tests.WeatherComparator" tests="2" time="37.648" ignored="0" failures="0" timestamp="19 Sep 2020 21:26:56 GMT" skipped="0" hostname="LAPTOP-JOPOHLMU" errors="0">
  <testcase name="captureCityWeatherDetails" time="0.969" classname="com.qa.automation.ndtv.weatherreporting.tests.WeatherComparator"/>
  <testcase name="navigateToWeatherPage" time="36.679" classname="com.qa.automation.ndtv.weatherreporting.tests.WeatherComparator"/>
</testsuite> <!-- com.qa.automation.ndtv.weatherreporting.tests.WeatherComparator -->
