<?xml version="1.0" encoding="UTF-8"?>
<!-- Generated by org.testng.reporters.JUnitReportReporter -->
<testsuite name="com.qa.automation.ndtv.weatherreporting.tests.SimpleTests" tests="1" time="16.078" ignored="0" failures="0" timestamp="21 Sep 2020 19:55:59 GMT" skipped="0" hostname="LAPTOP-JOPOHLMU" errors="0">
  <testcase name="verifyPageTitle" time="16.078" classname="com.qa.automation.ndtv.weatherreporting.tests.SimpleTests"/>
</testsuite> <!-- com.qa.automation.ndtv.weatherreporting.tests.SimpleTests -->
