<?xml version="1.0" encoding="UTF-8"?>
<!-- Generated by org.testng.reporters.JUnitReportReporter -->
<testsuite name="com.qa.automation.ndtv.weatherreporting.tests.WeatherComparator" tests="1" time="125.673" ignored="0" failures="0" timestamp="20 Sep 2020 21:19:20 GMT" skipped="0" hostname="LAPTOP-JOPOHLMU" errors="0">
  <testcase name="captureWeatherDetailsFromUIAndApi" time="125.673" classname="com.qa.automation.ndtv.weatherreporting.tests.WeatherComparator"/>
</testsuite> <!-- com.qa.automation.ndtv.weatherreporting.tests.WeatherComparator -->
